2022-09-13T12:38:25.076+0800	INFO	initialize/logger.go:26	日志初始化成功
2022-09-13T12:38:25.077+0800	INFO	initialize/translator.go:25	翻译器加载成功
2022-09-13T12:38:25.077+0800	INFO	initialize/validator.go:40	mobile 验证器加载成功
2022-09-13T12:38:25.078+0800	INFO	mode/debug.go:20	RPC debugg模式 服务连接成功
2022-09-13T12:38:25.080+0800	INFO	userop_web/main.go:31	userop_web服务开启
2022-09-13T12:40:07.790+0800	INFO	initialize/logger.go:26	日志初始化成功
2022-09-13T12:40:07.791+0800	INFO	initialize/translator.go:25	翻译器加载成功
2022-09-13T12:40:07.791+0800	INFO	initialize/validator.go:40	mobile 验证器加载成功
2022-09-13T12:40:07.791+0800	INFO	mode/debug.go:20	RPC debugg模式 服务连接成功
2022-09-13T12:40:07.795+0800	INFO	userop_web/main.go:31	userop_web服务开启
2022-09-13T12:42:14.218+0800	INFO	initialize/logger.go:26	日志初始化成功
2022-09-13T12:42:14.219+0800	INFO	initialize/translator.go:25	翻译器加载成功
2022-09-13T12:42:14.219+0800	INFO	initialize/validator.go:40	mobile 验证器加载成功
2022-09-13T12:42:14.220+0800	INFO	mode/debug.go:20	RPC debugg模式 服务连接成功
2022-09-13T12:42:14.222+0800	INFO	userop_web/main.go:31	userop_web服务开启
2022-09-13T12:45:18.274+0800	ERROR	address/addresss.go:101	Error	{"message": "删除地址服务失败", "err": "rpc error: code = NotFound desc = 收货地址不存在"}
2022-09-13T12:45:31.826+0800	ERROR	address/addresss.go:101	Error	{"message": "删除地址服务失败", "err": "rpc error: code = NotFound desc = 收货地址不存在"}
2022-09-13T12:48:07.048+0800	INFO	initialize/logger.go:26	日志初始化成功
2022-09-13T12:48:07.049+0800	INFO	initialize/translator.go:25	翻译器加载成功
2022-09-13T12:48:07.049+0800	INFO	initialize/validator.go:40	mobile 验证器加载成功
2022-09-13T12:48:07.050+0800	INFO	mode/debug.go:20	RPC debugg模式 服务连接成功
2022-09-13T12:48:07.052+0800	INFO	userop_web/main.go:31	userop_web服务开启
2022-09-13T12:49:43.193+0800	INFO	initialize/logger.go:26	日志初始化成功
2022-09-13T12:49:43.194+0800	INFO	initialize/translator.go:25	翻译器加载成功
2022-09-13T12:49:43.194+0800	INFO	initialize/validator.go:40	mobile 验证器加载成功
2022-09-13T12:49:43.194+0800	INFO	mode/debug.go:20	RPC debugg模式 服务连接成功
2022-09-13T12:49:43.196+0800	INFO	userop_web/main.go:31	userop_web服务开启
2022-09-13T12:52:19.783+0800	ERROR	address/addresss.go:117	Error	{"message": "地址表单验证失败", "err": "Key: 'AddressForm.signer_name' Error:Field validation for 'signer_name' failed on the 'required' tag\nKey: 'AddressForm.signer_mobile' Error:Field validation for 'signer_mobile' failed on the 'required' tag"}
2022-09-13T13:14:13.267+0800	INFO	initialize/logger.go:26	日志初始化成功
2022-09-13T13:14:13.268+0800	INFO	initialize/translator.go:25	翻译器加载成功
2022-09-13T13:14:13.268+0800	INFO	initialize/validator.go:40	mobile 验证器加载成功
2022-09-13T13:14:13.269+0800	INFO	mode/debug.go:20	RPC debugg模式 服务连接成功
2022-09-13T13:14:13.270+0800	INFO	userop_web/main.go:31	userop_web服务开启
2022-09-13T13:23:35.630+0800	INFO	initialize/logger.go:26	日志初始化成功
2022-09-13T13:23:35.631+0800	INFO	initialize/translator.go:25	翻译器加载成功
2022-09-13T13:23:35.631+0800	INFO	initialize/validator.go:40	mobile 验证器加载成功
2022-09-13T13:23:35.632+0800	INFO	mode/debug.go:20	RPC debugg模式 服务连接成功
2022-09-13T13:23:35.635+0800	INFO	userop_web/main.go:31	userop_web服务开启
2022-09-13T13:26:49.811+0800	INFO	initialize/logger.go:26	日志初始化成功
2022-09-13T13:26:49.811+0800	INFO	initialize/translator.go:25	翻译器加载成功
2022-09-13T13:26:49.811+0800	INFO	initialize/validator.go:40	mobile 验证器加载成功
2022-09-13T13:26:49.812+0800	INFO	mode/debug.go:20	RPC debugg模式 服务连接成功
2022-09-13T13:26:49.814+0800	INFO	userop_web/main.go:31	userop_web服务开启
2022-09-13T13:29:57.003+0800	INFO	initialize/logger.go:26	日志初始化成功
2022-09-13T13:29:57.004+0800	INFO	initialize/translator.go:25	翻译器加载成功
2022-09-13T13:29:57.004+0800	INFO	initialize/validator.go:40	mobile 验证器加载成功
2022-09-13T13:29:57.005+0800	INFO	mode/debug.go:20	RPC debugg模式 服务连接成功
2022-09-13T13:29:57.008+0800	INFO	userop_web/main.go:31	userop_web服务开启
2022-09-13T13:31:17.083+0800	INFO	initialize/logger.go:26	日志初始化成功
2022-09-13T13:31:17.083+0800	INFO	initialize/translator.go:25	翻译器加载成功
2022-09-13T13:31:17.084+0800	INFO	initialize/validator.go:40	mobile 验证器加载成功
2022-09-13T13:31:17.084+0800	INFO	mode/debug.go:20	RPC debugg模式 服务连接成功
2022-09-13T13:31:17.085+0800	INFO	userop_web/main.go:31	userop_web服务开启
2022-09-13T13:32:01.768+0800	INFO	initialize/logger.go:26	日志初始化成功
2022-09-13T13:32:01.769+0800	INFO	initialize/translator.go:25	翻译器加载成功
2022-09-13T13:32:01.770+0800	INFO	initialize/validator.go:40	mobile 验证器加载成功
2022-09-13T13:32:01.770+0800	INFO	mode/debug.go:20	RPC debugg模式 服务连接成功
2022-09-13T13:32:01.771+0800	INFO	userop_web/main.go:31	userop_web服务开启
2022-09-13T13:39:10.068+0800	INFO	initialize/logger.go:26	日志初始化成功
2022-09-13T13:39:10.069+0800	INFO	initialize/translator.go:25	翻译器加载成功
2022-09-13T13:39:10.070+0800	INFO	initialize/validator.go:40	mobile 验证器加载成功
2022-09-13T13:39:10.070+0800	INFO	mode/debug.go:20	RPC debugg模式 服务连接成功
2022-09-13T13:39:10.072+0800	INFO	userop_web/main.go:31	userop_web服务开启
2022-09-13T21:52:21.313+0800	INFO	initialize/logger.go:26	日志初始化成功
2022-09-13T21:52:21.314+0800	INFO	initialize/translator.go:25	翻译器加载成功
2022-09-13T21:52:21.315+0800	INFO	initialize/validator.go:40	mobile 验证器加载成功
2022-09-13T21:52:21.318+0800	ERROR	initialize/service_conn.go:38	Error	{"message": "获取服务IP/Port失败"}
2022-09-13T21:52:21.320+0800	ERROR	initialize/service_conn.go:78	Error	{"message": "获取服务IP/Port失败"}
2022-09-13T21:52:21.322+0800	INFO	userop_web/main.go:31	userop_web服务开启
2022-09-13T21:55:12.749+0800	INFO	initialize/logger.go:26	日志初始化成功
2022-09-13T21:55:12.750+0800	INFO	initialize/translator.go:25	翻译器加载成功
2022-09-13T21:55:12.750+0800	INFO	initialize/validator.go:40	mobile 验证器加载成功
2022-09-13T21:55:12.751+0800	ERROR	initialize/service_conn.go:38	Error	{"message": "获取服务IP/Port失败"}
2022-09-13T21:55:12.755+0800	ERROR	initialize/service_conn.go:78	Error	{"message": "获取服务IP/Port失败"}
2022-09-13T21:55:12.756+0800	INFO	userop_web/main.go:31	userop_web服务开启
2022-09-13T21:55:45.829+0800	INFO	initialize/logger.go:26	日志初始化成功
2022-09-13T21:55:45.829+0800	INFO	initialize/translator.go:25	翻译器加载成功
2022-09-13T21:55:45.830+0800	INFO	initialize/validator.go:40	mobile 验证器加载成功
2022-09-13T21:55:45.831+0800	ERROR	initialize/service_conn.go:38	Error	{"message": "获取服务IP/Port失败"}
2022-09-13T21:55:45.834+0800	ERROR	initialize/service_conn.go:78	Error	{"message": "获取服务IP/Port失败"}
2022-09-13T21:55:45.835+0800	INFO	userop_web/main.go:31	userop_web服务开启
2022-09-13T21:56:12.667+0800	INFO	initialize/logger.go:26	日志初始化成功
2022-09-13T21:56:12.668+0800	INFO	initialize/translator.go:25	翻译器加载成功
2022-09-13T21:56:12.669+0800	INFO	initialize/validator.go:40	mobile 验证器加载成功
2022-09-13T21:56:12.671+0800	ERROR	initialize/service_conn.go:38	Error	{"message": "获取服务IP/Port失败"}
2022-09-13T21:56:12.673+0800	ERROR	initialize/service_conn.go:78	Error	{"message": "获取服务IP/Port失败"}
2022-09-13T21:56:12.675+0800	INFO	userop_web/main.go:31	userop_web服务开启
2022-09-13T21:58:16.924+0800	INFO	initialize/logger.go:26	日志初始化成功
2022-09-13T21:58:16.925+0800	INFO	initialize/translator.go:25	翻译器加载成功
2022-09-13T21:58:16.926+0800	INFO	initialize/validator.go:40	mobile 验证器加载成功
2022-09-13T21:58:16.926+0800	WARN	mode/debug.go:12	<<<<<debug模式仅启动Userop服务 关联服务未启动>>>>>
2022-09-13T21:58:16.927+0800	INFO	mode/debug.go:21	RPC debugg模式 服务连接成功
2022-09-13T21:58:16.929+0800	ERROR	initialize/service_conn.go:78	Error	{"message": "获取服务IP/Port失败"}
2022-09-13T21:58:16.932+0800	INFO	userop_web/main.go:31	userop_web服务开启
2022-09-13T22:09:43.112+0800	INFO	initialize/logger.go:26	日志初始化成功
2022-09-13T22:09:43.113+0800	INFO	initialize/translator.go:25	翻译器加载成功
2022-09-13T22:09:43.113+0800	INFO	initialize/validator.go:40	mobile 验证器加载成功
2022-09-13T22:09:43.113+0800	WARN	mode/debug.go:12	<<<<<debug模式仅启动Userop服务 关联服务未启动>>>>>
2022-09-13T22:09:43.113+0800	INFO	mode/debug.go:21	RPC debugg模式 服务连接成功
2022-09-13T22:09:43.115+0800	ERROR	initialize/service_conn.go:78	Error	{"message": "获取服务IP/Port失败"}
2022-09-13T22:09:43.116+0800	INFO	userop_web/main.go:31	userop_web服务开启
2022-09-13T22:09:58.680+0800	INFO	initialize/logger.go:26	日志初始化成功
2022-09-13T22:09:58.681+0800	INFO	initialize/translator.go:25	翻译器加载成功
2022-09-13T22:09:58.681+0800	INFO	initialize/validator.go:40	mobile 验证器加载成功
2022-09-13T22:09:58.681+0800	WARN	mode/debug.go:12	<<<<<debug模式仅启动Userop服务 关联服务未启动>>>>>
2022-09-13T22:09:58.681+0800	INFO	mode/debug.go:21	RPC debugg模式 服务连接成功
2022-09-13T22:09:58.683+0800	ERROR	initialize/service_conn.go:78	Error	{"message": "获取服务IP/Port失败"}
2022-09-13T22:09:58.686+0800	INFO	userop_web/main.go:31	userop_web服务开启
2022-09-13T22:11:06.752+0800	INFO	initialize/logger.go:26	日志初始化成功
2022-09-13T22:11:06.753+0800	INFO	initialize/translator.go:25	翻译器加载成功
2022-09-13T22:11:06.753+0800	INFO	initialize/validator.go:40	mobile 验证器加载成功
2022-09-13T22:11:06.753+0800	WARN	mode/debug.go:12	<<<<<debug模式仅启动Userop服务 关联服务未启动>>>>>
2022-09-13T22:11:06.753+0800	INFO	mode/debug.go:21	RPC debugg模式 服务连接成功
2022-09-13T22:11:06.755+0800	ERROR	initialize/service_conn.go:69	Error	{"message": "查找服务失败", "err": "Unexpected response code: 500 (Failed to create boolean expression evaluator: 1:12 (11): no match found, expected: \"-\", \"0\", \"\\\"\", \"`\", [ \\t\\r\\n], [1-9] or [a-zA-Z])"}
2022-09-13T22:11:06.757+0800	INFO	userop_web/main.go:31	userop_web服务开启
2022-09-13T22:11:44.030+0800	INFO	initialize/logger.go:26	日志初始化成功
2022-09-13T22:11:44.031+0800	INFO	initialize/translator.go:25	翻译器加载成功
2022-09-13T22:11:44.031+0800	INFO	initialize/validator.go:40	mobile 验证器加载成功
2022-09-13T22:11:44.031+0800	WARN	mode/debug.go:12	<<<<<debug模式仅启动Userop服务 关联服务未启动>>>>>
2022-09-13T22:11:44.032+0800	INFO	mode/debug.go:21	RPC debugg模式 服务连接成功
2022-09-13T22:11:44.034+0800	INFO	initialize/service_conn.go:81	获得【】服务 127.0.0.1:55389
2022-09-13T22:11:44.035+0800	INFO	initialize/service_conn.go:89	RPC release模式 服务连接成功
2022-09-13T22:11:44.037+0800	INFO	userop_web/main.go:31	userop_web服务开启
2022-09-13T22:16:09.101+0800	INFO	initialize/logger.go:26	日志初始化成功
2022-09-13T22:16:09.102+0800	INFO	initialize/translator.go:25	翻译器加载成功
2022-09-13T22:16:09.102+0800	INFO	initialize/validator.go:40	mobile 验证器加载成功
2022-09-13T22:16:09.102+0800	WARN	mode/debug.go:12	<<<<<debug模式仅启动Userop服务 关联服务未启动>>>>>
2022-09-13T22:16:09.103+0800	INFO	mode/debug.go:21	RPC debugg模式 服务连接成功
2022-09-13T22:16:09.105+0800	INFO	initialize/service_conn.go:81	获得【】服务 127.0.0.1:55389
2022-09-13T22:16:09.105+0800	INFO	initialize/service_conn.go:89	RPC release模式 服务连接成功
2022-09-13T22:16:09.107+0800	INFO	userop_web/main.go:31	userop_web服务开启
2022-09-13T22:17:23.180+0800	INFO	initialize/logger.go:26	日志初始化成功
2022-09-13T22:17:23.182+0800	INFO	initialize/translator.go:25	翻译器加载成功
2022-09-13T22:17:23.182+0800	INFO	initialize/validator.go:40	mobile 验证器加载成功
2022-09-13T22:17:23.182+0800	WARN	mode/debug.go:12	<<<<<debug模式仅启动Userop服务 关联服务未启动>>>>>
2022-09-13T22:17:23.183+0800	INFO	mode/debug.go:21	RPC debugg模式 服务连接成功
2022-09-13T22:17:23.184+0800	INFO	initialize/service_conn.go:81	获得【】服务 127.0.0.1:55389
2022-09-13T22:17:23.184+0800	INFO	initialize/service_conn.go:89	RPC release模式 服务连接成功
2022-09-13T22:17:23.186+0800	INFO	userop_web/main.go:31	userop_web服务开启
