2022-08-19T17:15:55.523+0800	[34mINFO[0m	clients/client_factory.go:47	logDir:<D:/C_Back/Go/Shop_api/goods_api/log/nacos/log>   cacheDir:<D:/C_Back/Go/Shop_api/goods_api/log/nacos/cache>
2022-08-22T13:54:26.084+0800	[34mINFO[0m	clients/client_factory.go:47	logDir:<D:/C_Back/Go/Shop_api/goods_api/log/nacos/log>   cacheDir:<D:/C_Back/Go/Shop_api/goods_api/log/nacos/cache>
2022-08-22T13:56:50.673+0800	[34mINFO[0m	clients/client_factory.go:47	logDir:<D:/C_Back/Go/Shop_api/goods_api/log/nacos/log>   cacheDir:<D:/C_Back/Go/Shop_api/goods_api/log/nacos/cache>
2022-08-22T13:57:29.676+0800	[34mINFO[0m	clients/client_factory.go:47	logDir:<D:/C_Back/Go/Shop_api/goods_api/log/nacos/log>   cacheDir:<D:/C_Back/Go/Shop_api/goods_api/log/nacos/cache>
2022-08-22T17:36:19.596+0800	[34mINFO[0m	clients/client_factory.go:47	logDir:<D:/C_Back/Go/Shop_api/goods_api/log/nacos/log>   cacheDir:<D:/C_Back/Go/Shop_api/goods_api/log/nacos/cache>
2022-08-22T17:38:49.233+0800	[34mINFO[0m	clients/client_factory.go:47	logDir:<D:/C_Back/Go/Shop_api/goods_api/log/nacos/log>   cacheDir:<D:/C_Back/Go/Shop_api/goods_api/log/nacos/cache>
2022-08-22T18:49:51.450+0800	[34mINFO[0m	clients/client_factory.go:47	logDir:<D:/C_Back/Go/Shop_api/goods_api/log/nacos/log>   cacheDir:<D:/C_Back/Go/Shop_api/goods_api/log/nacos/cache>
2022-08-22T18:52:55.809+0800	[34mINFO[0m	clients/client_factory.go:47	logDir:<D:/C_Back/Go/Shop_api/goods_api/log/nacos/log>   cacheDir:<D:/C_Back/Go/Shop_api/goods_api/log/nacos/cache>
2022-08-22T18:53:30.637+0800	[34mINFO[0m	clients/client_factory.go:47	logDir:<D:/C_Back/Go/Shop_api/goods_api/log/nacos/log>   cacheDir:<D:/C_Back/Go/Shop_api/goods_api/log/nacos/cache>
2022-08-22T18:56:37.003+0800	[34mINFO[0m	clients/client_factory.go:47	logDir:<D:/C_Back/Go/Shop_api/goods_api/log/nacos/log>   cacheDir:<D:/C_Back/Go/Shop_api/goods_api/log/nacos/cache>
2022-08-22T19:00:33.593+0800	[34mINFO[0m	clients/client_factory.go:47	logDir:<D:/C_Back/Go/Shop_api/goods_api/log/nacos/log>   cacheDir:<D:/C_Back/Go/Shop_api/goods_api/log/nacos/cache>
2022-08-23T14:45:09.230+0800	[34mINFO[0m	clients/client_factory.go:47	logDir:<D:/C_Back/Go/Shop_api/goods_api/log/nacos/log>   cacheDir:<D:/C_Back/Go/Shop_api/goods_api/log/nacos/cache>
2022-08-23T14:46:41.059+0800	[34mINFO[0m	clients/client_factory.go:47	logDir:<D:/C_Back/Go/Shop_api/goods_api/log/nacos/log>   cacheDir:<D:/C_Back/Go/Shop_api/goods_api/log/nacos/cache>
2022-08-23T15:48:31.280+0800	[34mINFO[0m	clients/client_factory.go:47	logDir:<D:/C_Back/Go/Shop_api/goods_api/log/nacos/log>   cacheDir:<D:/C_Back/Go/Shop_api/goods_api/log/nacos/cache>
2022-08-23T16:05:53.179+0800	[34mINFO[0m	clients/client_factory.go:47	logDir:<D:/C_Back/Go/Shop_api/goods_api/log/nacos/log>   cacheDir:<D:/C_Back/Go/Shop_api/goods_api/log/nacos/cache>
2022-08-23T16:07:35.201+0800	[34mINFO[0m	clients/client_factory.go:47	logDir:<D:/C_Back/Go/Shop_api/goods_api/log/nacos/log>   cacheDir:<D:/C_Back/Go/Shop_api/goods_api/log/nacos/cache>
2022-08-23T16:20:04.410+0800	[34mINFO[0m	clients/client_factory.go:47	logDir:<D:/C_Back/Go/Shop_api/goods_api/log/nacos/log>   cacheDir:<D:/C_Back/Go/Shop_api/goods_api/log/nacos/cache>
2022-08-23T16:31:38.231+0800	[34mINFO[0m	clients/client_factory.go:47	logDir:<D:/C_Back/Go/Shop_api/goods_api/log/nacos/log>   cacheDir:<D:/C_Back/Go/Shop_api/goods_api/log/nacos/cache>
2022-08-23T16:33:40.618+0800	[34mINFO[0m	clients/client_factory.go:47	logDir:<D:/C_Back/Go/Shop_api/goods_api/log/nacos/log>   cacheDir:<D:/C_Back/Go/Shop_api/goods_api/log/nacos/cache>
2022-08-23T16:36:10.143+0800	[34mINFO[0m	clients/client_factory.go:47	logDir:<D:/C_Back/Go/Shop_api/goods_api/log/nacos/log>   cacheDir:<D:/C_Back/Go/Shop_api/goods_api/log/nacos/cache>
2022-08-23T18:38:32.224+0800	[34mINFO[0m	clients/client_factory.go:47	logDir:<D:/C_Back/Go/Shop_api/goods_api/log/nacos/log>   cacheDir:<D:/C_Back/Go/Shop_api/goods_api/log/nacos/cache>
2022-08-23T18:38:55.813+0800	[34mINFO[0m	clients/client_factory.go:47	logDir:<D:/C_Back/Go/Shop_api/goods_api/log/nacos/log>   cacheDir:<D:/C_Back/Go/Shop_api/goods_api/log/nacos/cache>
2022-08-23T18:41:50.503+0800	[34mINFO[0m	clients/client_factory.go:47	logDir:<D:/C_Back/Go/Shop_api/goods_api/log/nacos/log>   cacheDir:<D:/C_Back/Go/Shop_api/goods_api/log/nacos/cache>
2022-08-23T18:44:11.448+0800	[34mINFO[0m	clients/client_factory.go:47	logDir:<D:/C_Back/Go/Shop_api/goods_api/log/nacos/log>   cacheDir:<D:/C_Back/Go/Shop_api/goods_api/log/nacos/cache>
2022-08-23T18:46:45.825+0800	[34mINFO[0m	clients/client_factory.go:47	logDir:<D:/C_Back/Go/Shop_api/goods_api/log/nacos/log>   cacheDir:<D:/C_Back/Go/Shop_api/goods_api/log/nacos/cache>
2022-08-23T18:48:09.312+0800	[34mINFO[0m	clients/client_factory.go:47	logDir:<D:/C_Back/Go/Shop_api/goods_api/log/nacos/log>   cacheDir:<D:/C_Back/Go/Shop_api/goods_api/log/nacos/cache>
2022-08-23T21:00:01.863+0800	[34mINFO[0m	clients/client_factory.go:47	logDir:<D:/C_Back/Go/Shop_api/goods_api/log/nacos/log>   cacheDir:<D:/C_Back/Go/Shop_api/goods_api/log/nacos/cache>
2022-08-23T21:03:57.059+0800	[34mINFO[0m	clients/client_factory.go:47	logDir:<D:/C_Back/Go/Shop_api/goods_api/log/nacos/log>   cacheDir:<D:/C_Back/Go/Shop_api/goods_api/log/nacos/cache>
2022-08-23T21:06:49.862+0800	[34mINFO[0m	clients/client_factory.go:47	logDir:<D:/C_Back/Go/Shop_api/goods_api/log/nacos/log>   cacheDir:<D:/C_Back/Go/Shop_api/goods_api/log/nacos/cache>
2022-08-24T09:43:23.678+0800	[34mINFO[0m	clients/client_factory.go:47	logDir:<D:/C_Back/Go/Shop_api/goods_api/log/nacos/log>   cacheDir:<D:/C_Back/Go/Shop_api/goods_api/log/nacos/cache>
2022-08-26T13:59:51.427+0800	[34mINFO[0m	clients/client_factory.go:47	logDir:<D:/C_Back/Go/Shop_api/goods_api/log/nacos/log>   cacheDir:<D:/C_Back/Go/Shop_api/goods_api/log/nacos/cache>
2022-08-26T14:49:29.848+0800	[34mINFO[0m	clients/client_factory.go:47	logDir:<D:/C_Back/Go/Shop_api/goods_api/log/nacos/log>   cacheDir:<D:/C_Back/Go/Shop_api/goods_api/log/nacos/cache>
2022-08-26T14:49:39.520+0800	[34mINFO[0m	clients/client_factory.go:47	logDir:<D:/C_Back/Go/Shop_api/goods_api/log/nacos/log>   cacheDir:<D:/C_Back/Go/Shop_api/goods_api/log/nacos/cache>
2022-08-26T14:51:46.707+0800	[34mINFO[0m	clients/client_factory.go:47	logDir:<D:/C_Back/Go/Shop_api/goods_api/log/nacos/log>   cacheDir:<D:/C_Back/Go/Shop_api/goods_api/log/nacos/cache>
2022-08-26T14:51:54.080+0800	[34mINFO[0m	clients/client_factory.go:47	logDir:<D:/C_Back/Go/Shop_api/goods_api/log/nacos/log>   cacheDir:<D:/C_Back/Go/Shop_api/goods_api/log/nacos/cache>
2022-08-26T14:54:27.615+0800	[34mINFO[0m	clients/client_factory.go:47	logDir:<D:/C_Back/Go/Shop_api/goods_api/log/nacos/log>   cacheDir:<D:/C_Back/Go/Shop_api/goods_api/log/nacos/cache>
2022-08-26T15:08:34.576+0800	[34mINFO[0m	clients/client_factory.go:47	logDir:<D:/C_Back/Go/Shop_api/goods_api/log/nacos/log>   cacheDir:<D:/C_Back/Go/Shop_api/goods_api/log/nacos/cache>
2022-08-26T15:19:16.212+0800	[34mINFO[0m	clients/client_factory.go:47	logDir:<D:/C_Back/Go/Shop_api/goods_api/log/nacos/log>   cacheDir:<D:/C_Back/Go/Shop_api/goods_api/log/nacos/cache>
2022-08-26T15:34:04.128+0800	[34mINFO[0m	clients/client_factory.go:47	logDir:<D:/C_Back/Go/Shop_api/goods_api/log/nacos/log>   cacheDir:<D:/C_Back/Go/Shop_api/goods_api/log/nacos/cache>
2022-08-26T15:34:48.923+0800	[34mINFO[0m	clients/client_factory.go:47	logDir:<D:/C_Back/Go/Shop_api/goods_api/log/nacos/log>   cacheDir:<D:/C_Back/Go/Shop_api/goods_api/log/nacos/cache>
2022-08-26T15:44:22.865+0800	[34mINFO[0m	clients/client_factory.go:47	logDir:<D:/C_Back/Go/Shop_api/goods_api/log/nacos/log>   cacheDir:<D:/C_Back/Go/Shop_api/goods_api/log/nacos/cache>
2022-08-26T20:43:59.227+0800	[34mINFO[0m	clients/client_factory.go:47	logDir:<D:/C_Back/Go/Shop_api/goods_api/log/nacos/log>   cacheDir:<D:/C_Back/Go/Shop_api/goods_api/log/nacos/cache>
2022-08-26T20:48:02.233+0800	[34mINFO[0m	clients/client_factory.go:47	logDir:<D:/C_Back/Go/Shop_api/goods_api/log/nacos/log>   cacheDir:<D:/C_Back/Go/Shop_api/goods_api/log/nacos/cache>
2022-08-26T20:49:30.893+0800	[34mINFO[0m	clients/client_factory.go:47	logDir:<D:/C_Back/Go/Shop_api/goods_api/log/nacos/log>   cacheDir:<D:/C_Back/Go/Shop_api/goods_api/log/nacos/cache>
2022-08-26T20:55:07.247+0800	[34mINFO[0m	clients/client_factory.go:47	logDir:<D:/C_Back/Go/Shop_api/goods_api/log/nacos/log>   cacheDir:<D:/C_Back/Go/Shop_api/goods_api/log/nacos/cache>
2022-08-26T20:56:22.099+0800	[34mINFO[0m	clients/client_factory.go:47	logDir:<D:/C_Back/Go/Shop_api/goods_api/log/nacos/log>   cacheDir:<D:/C_Back/Go/Shop_api/goods_api/log/nacos/cache>
2022-08-27T12:50:30.551+0800	[34mINFO[0m	clients/client_factory.go:47	logDir:<D:/C_Back/Go/Shop_api/goods_api/log/nacos/log>   cacheDir:<D:/C_Back/Go/Shop_api/goods_api/log/nacos/cache>
2022-08-27T12:56:14.224+0800	[34mINFO[0m	clients/client_factory.go:47	logDir:<D:/C_Back/Go/Shop_api/goods_api/log/nacos/log>   cacheDir:<D:/C_Back/Go/Shop_api/goods_api/log/nacos/cache>
2022-08-27T13:28:03.182+0800	[34mINFO[0m	clients/client_factory.go:47	logDir:<D:/C_Back/Go/Shop_api/goods_api/log/nacos/log>   cacheDir:<D:/C_Back/Go/Shop_api/goods_api/log/nacos/cache>
2022-08-27T13:30:46.660+0800	[34mINFO[0m	clients/client_factory.go:47	logDir:<D:/C_Back/Go/Shop_api/goods_api/log/nacos/log>   cacheDir:<D:/C_Back/Go/Shop_api/goods_api/log/nacos/cache>
2022-08-27T13:34:18.196+0800	[34mINFO[0m	clients/client_factory.go:47	logDir:<D:/C_Back/Go/Shop_api/goods_api/log/nacos/log>   cacheDir:<D:/C_Back/Go/Shop_api/goods_api/log/nacos/cache>
2022-08-27T13:51:54.173+0800	[34mINFO[0m	clients/client_factory.go:47	logDir:<D:/C_Back/Go/Shop_api/goods_api/log/nacos/log>   cacheDir:<D:/C_Back/Go/Shop_api/goods_api/log/nacos/cache>
2022-08-27T14:10:07.403+0800	[34mINFO[0m	clients/client_factory.go:47	logDir:<D:/C_Back/Go/Shop_api/goods_api/log/nacos/log>   cacheDir:<D:/C_Back/Go/Shop_api/goods_api/log/nacos/cache>
2022-08-27T14:17:09.180+0800	[34mINFO[0m	clients/client_factory.go:47	logDir:<D:/C_Back/Go/Shop_api/goods_api/log/nacos/log>   cacheDir:<D:/C_Back/Go/Shop_api/goods_api/log/nacos/cache>
2022-08-27T14:27:49.929+0800	[34mINFO[0m	clients/client_factory.go:47	logDir:<D:/C_Back/Go/Shop_api/goods_api/log/nacos/log>   cacheDir:<D:/C_Back/Go/Shop_api/goods_api/log/nacos/cache>
2022-08-27T14:28:43.993+0800	[34mINFO[0m	clients/client_factory.go:47	logDir:<D:/C_Back/Go/Shop_api/goods_api/log/nacos/log>   cacheDir:<D:/C_Back/Go/Shop_api/goods_api/log/nacos/cache>
2022-08-27T14:30:22.894+0800	[34mINFO[0m	clients/client_factory.go:47	logDir:<D:/C_Back/Go/Shop_api/goods_api/log/nacos/log>   cacheDir:<D:/C_Back/Go/Shop_api/goods_api/log/nacos/cache>
2022-08-27T14:35:36.276+0800	[34mINFO[0m	clients/client_factory.go:47	logDir:<D:/C_Back/Go/Shop_api/goods_api/log/nacos/log>   cacheDir:<D:/C_Back/Go/Shop_api/goods_api/log/nacos/cache>
2022-08-27T15:02:56.847+0800	[34mINFO[0m	clients/client_factory.go:47	logDir:<D:/C_Back/Go/Shop_api/goods_api/log/nacos/log>   cacheDir:<D:/C_Back/Go/Shop_api/goods_api/log/nacos/cache>
2022-08-27T15:03:20.529+0800	[34mINFO[0m	clients/client_factory.go:47	logDir:<D:/C_Back/Go/Shop_api/goods_api/log/nacos/log>   cacheDir:<D:/C_Back/Go/Shop_api/goods_api/log/nacos/cache>
2022-08-27T15:04:13.995+0800	[34mINFO[0m	clients/client_factory.go:47	logDir:<D:/C_Back/Go/Shop_api/goods_api/log/nacos/log>   cacheDir:<D:/C_Back/Go/Shop_api/goods_api/log/nacos/cache>
2022-08-27T15:10:35.965+0800	[34mINFO[0m	clients/client_factory.go:47	logDir:<D:/C_Back/Go/Shop_api/goods_api/log/nacos/log>   cacheDir:<D:/C_Back/Go/Shop_api/goods_api/log/nacos/cache>
2022-08-27T15:10:39.985+0800	[34mINFO[0m	clients/client_factory.go:47	logDir:<D:/C_Back/Go/Shop_api/goods_api/log/nacos/log>   cacheDir:<D:/C_Back/Go/Shop_api/goods_api/log/nacos/cache>
2022-08-27T15:12:42.851+0800	[34mINFO[0m	clients/client_factory.go:47	logDir:<D:/C_Back/Go/Shop_api/goods_api/log/nacos/log>   cacheDir:<D:/C_Back/Go/Shop_api/goods_api/log/nacos/cache>
2022-08-27T15:22:06.915+0800	[34mINFO[0m	clients/client_factory.go:47	logDir:<D:/C_Back/Go/Shop_api/goods_api/log/nacos/log>   cacheDir:<D:/C_Back/Go/Shop_api/goods_api/log/nacos/cache>
2022-08-27T15:22:26.883+0800	[34mINFO[0m	clients/client_factory.go:47	logDir:<D:/C_Back/Go/Shop_api/goods_api/log/nacos/log>   cacheDir:<D:/C_Back/Go/Shop_api/goods_api/log/nacos/cache>
2022-08-27T22:03:52.093+0800	[34mINFO[0m	clients/client_factory.go:47	logDir:<D:/C_Back/Go/Shop_api/goods_api/log/nacos/log>   cacheDir:<D:/C_Back/Go/Shop_api/goods_api/log/nacos/cache>
2022-08-27T22:04:39.555+0800	[34mINFO[0m	clients/client_factory.go:47	logDir:<D:/C_Back/Go/Shop_api/goods_api/log/nacos/log>   cacheDir:<D:/C_Back/Go/Shop_api/goods_api/log/nacos/cache>
2022-08-27T22:07:09.995+0800	[34mINFO[0m	clients/client_factory.go:47	logDir:<D:/C_Back/Go/Shop_api/goods_api/log/nacos/log>   cacheDir:<D:/C_Back/Go/Shop_api/goods_api/log/nacos/cache>
2022-08-28T14:38:08.704+0800	[34mINFO[0m	clients/client_factory.go:47	logDir:<D:/C_Back/Go/Shop_api/goods_api/log/nacos/log>   cacheDir:<D:/C_Back/Go/Shop_api/goods_api/log/nacos/cache>
2022-08-28T14:40:38.191+0800	[34mINFO[0m	clients/client_factory.go:47	logDir:<D:/C_Back/Go/Shop_api/goods_api/log/nacos/log>   cacheDir:<D:/C_Back/Go/Shop_api/goods_api/log/nacos/cache>
2022-08-28T14:42:07.063+0800	[34mINFO[0m	clients/client_factory.go:47	logDir:<D:/C_Back/Go/Shop_api/goods_api/log/nacos/log>   cacheDir:<D:/C_Back/Go/Shop_api/goods_api/log/nacos/cache>
2022-08-28T20:36:23.345+0800	[34mINFO[0m	clients/client_factory.go:47	logDir:<D:/C_Back/Go/Shop_api/goods_api/log/nacos/log>   cacheDir:<D:/C_Back/Go/Shop_api/goods_api/log/nacos/cache>
2022-08-28T20:46:50.554+0800	[34mINFO[0m	clients/client_factory.go:47	logDir:<D:/C_Back/Go/Shop_api/goods_api/log/nacos/log>   cacheDir:<D:/C_Back/Go/Shop_api/goods_api/log/nacos/cache>
2022-08-28T20:47:52.054+0800	[34mINFO[0m	clients/client_factory.go:47	logDir:<D:/C_Back/Go/Shop_api/goods_api/log/nacos/log>   cacheDir:<D:/C_Back/Go/Shop_api/goods_api/log/nacos/cache>
2022-08-28T20:50:06.754+0800	[34mINFO[0m	clients/client_factory.go:47	logDir:<D:/C_Back/Go/Shop_api/goods_api/log/nacos/log>   cacheDir:<D:/C_Back/Go/Shop_api/goods_api/log/nacos/cache>
2022-08-28T20:55:04.836+0800	[34mINFO[0m	clients/client_factory.go:47	logDir:<D:/C_Back/Go/Shop_api/goods_api/log/nacos/log>   cacheDir:<D:/C_Back/Go/Shop_api/goods_api/log/nacos/cache>
2022-08-28T20:56:46.314+0800	[34mINFO[0m	clients/client_factory.go:47	logDir:<D:/C_Back/Go/Shop_api/goods_api/log/nacos/log>   cacheDir:<D:/C_Back/Go/Shop_api/goods_api/log/nacos/cache>
2022-08-28T20:59:05.253+0800	[34mINFO[0m	clients/client_factory.go:47	logDir:<D:/C_Back/Go/Shop_api/goods_api/log/nacos/log>   cacheDir:<D:/C_Back/Go/Shop_api/goods_api/log/nacos/cache>
2022-08-28T21:07:42.234+0800	[34mINFO[0m	clients/client_factory.go:47	logDir:<D:/C_Back/Go/Shop_api/goods_api/log/nacos/log>   cacheDir:<D:/C_Back/Go/Shop_api/goods_api/log/nacos/cache>
2022-08-31T19:51:47.938+0800	[34mINFO[0m	clients/client_factory.go:47	logDir:<D:/C_Back/Go/Shop_api/goods_api/log/nacos/log>   cacheDir:<D:/C_Back/Go/Shop_api/goods_api/log/nacos/cache>
2022-08-31T19:53:34.163+0800	[34mINFO[0m	clients/client_factory.go:47	logDir:<D:/C_Back/Go/Shop_api/goods_api/log/nacos/log>   cacheDir:<D:/C_Back/Go/Shop_api/goods_api/log/nacos/cache>
2022-08-31T19:54:46.479+0800	[34mINFO[0m	clients/client_factory.go:47	logDir:<D:/C_Back/Go/Shop_api/goods_api/log/nacos/log>   cacheDir:<D:/C_Back/Go/Shop_api/goods_api/log/nacos/cache>
2022-08-31T19:57:57.528+0800	[34mINFO[0m	clients/client_factory.go:47	logDir:<D:/C_Back/Go/Shop_api/goods_api/log/nacos/log>   cacheDir:<D:/C_Back/Go/Shop_api/goods_api/log/nacos/cache>
2022-08-31T20:00:29.000+0800	[34mINFO[0m	clients/client_factory.go:47	logDir:<D:/C_Back/Go/Shop_api/goods_api/log/nacos/log>   cacheDir:<D:/C_Back/Go/Shop_api/goods_api/log/nacos/cache>
2022-08-31T20:03:23.174+0800	[34mINFO[0m	clients/client_factory.go:47	logDir:<D:/C_Back/Go/Shop_api/goods_api/log/nacos/log>   cacheDir:<D:/C_Back/Go/Shop_api/goods_api/log/nacos/cache>
2022-08-31T20:04:52.816+0800	[34mINFO[0m	clients/client_factory.go:47	logDir:<D:/C_Back/Go/Shop_api/goods_api/log/nacos/log>   cacheDir:<D:/C_Back/Go/Shop_api/goods_api/log/nacos/cache>
2022-08-31T20:25:47.737+0800	[34mINFO[0m	clients/client_factory.go:47	logDir:<D:/C_Back/Go/Shop_api/goods_api/log/nacos/log>   cacheDir:<D:/C_Back/Go/Shop_api/goods_api/log/nacos/cache>
2022-08-31T20:28:45.742+0800	[34mINFO[0m	clients/client_factory.go:47	logDir:<D:/C_Back/Go/Shop_api/goods_api/log/nacos/log>   cacheDir:<D:/C_Back/Go/Shop_api/goods_api/log/nacos/cache>
2022-08-31T20:33:09.168+0800	[34mINFO[0m	clients/client_factory.go:47	logDir:<D:/C_Back/Go/Shop_api/goods_api/log/nacos/log>   cacheDir:<D:/C_Back/Go/Shop_api/goods_api/log/nacos/cache>
2022-08-31T20:35:24.889+0800	[34mINFO[0m	clients/client_factory.go:47	logDir:<D:/C_Back/Go/Shop_api/goods_api/log/nacos/log>   cacheDir:<D:/C_Back/Go/Shop_api/goods_api/log/nacos/cache>
2022-08-31T20:35:54.034+0800	[34mINFO[0m	clients/client_factory.go:47	logDir:<D:/C_Back/Go/Shop_api/goods_api/log/nacos/log>   cacheDir:<D:/C_Back/Go/Shop_api/goods_api/log/nacos/cache>
2022-08-31T20:38:24.294+0800	[34mINFO[0m	clients/client_factory.go:47	logDir:<D:/C_Back/Go/Shop_api/goods_api/log/nacos/log>   cacheDir:<D:/C_Back/Go/Shop_api/goods_api/log/nacos/cache>
2022-08-31T20:48:19.023+0800	[34mINFO[0m	clients/client_factory.go:47	logDir:<D:/C_Back/Go/Shop_api/goods_api/log/nacos/log>   cacheDir:<D:/C_Back/Go/Shop_api/goods_api/log/nacos/cache>
2022-08-31T20:48:40.998+0800	[34mINFO[0m	clients/client_factory.go:47	logDir:<D:/C_Back/Go/Shop_api/goods_api/log/nacos/log>   cacheDir:<D:/C_Back/Go/Shop_api/goods_api/log/nacos/cache>
2022-08-31T20:51:33.680+0800	[34mINFO[0m	clients/client_factory.go:47	logDir:<D:/C_Back/Go/Shop_api/goods_api/log/nacos/log>   cacheDir:<D:/C_Back/Go/Shop_api/goods_api/log/nacos/cache>
2022-08-31T21:18:18.713+0800	[34mINFO[0m	clients/client_factory.go:47	logDir:<D:/C_Back/Go/Shop_api/goods_api/log/nacos/log>   cacheDir:<D:/C_Back/Go/Shop_api/goods_api/log/nacos/cache>
2022-08-31T21:21:33.425+0800	[34mINFO[0m	clients/client_factory.go:47	logDir:<D:/C_Back/Go/Shop_api/goods_api/log/nacos/log>   cacheDir:<D:/C_Back/Go/Shop_api/goods_api/log/nacos/cache>
2022-08-31T21:23:02.635+0800	[34mINFO[0m	clients/client_factory.go:47	logDir:<D:/C_Back/Go/Shop_api/goods_api/log/nacos/log>   cacheDir:<D:/C_Back/Go/Shop_api/goods_api/log/nacos/cache>
2022-09-01T14:48:12.882+0800	[34mINFO[0m	clients/client_factory.go:47	logDir:<D:/C_Back/Go/Shop_api/goods_api/log/nacos/log>   cacheDir:<D:/C_Back/Go/Shop_api/goods_api/log/nacos/cache>
2022-09-01T14:57:36.073+0800	[34mINFO[0m	clients/client_factory.go:47	logDir:<D:/C_Back/Go/Shop_api/goods_api/log/nacos/log>   cacheDir:<D:/C_Back/Go/Shop_api/goods_api/log/nacos/cache>
2022-09-01T14:59:26.729+0800	[34mINFO[0m	clients/client_factory.go:47	logDir:<D:/C_Back/Go/Shop_api/goods_api/log/nacos/log>   cacheDir:<D:/C_Back/Go/Shop_api/goods_api/log/nacos/cache>
2022-09-01T15:00:08.136+0800	[34mINFO[0m	clients/client_factory.go:47	logDir:<D:/C_Back/Go/Shop_api/goods_api/log/nacos/log>   cacheDir:<D:/C_Back/Go/Shop_api/goods_api/log/nacos/cache>
2022-09-01T15:10:28.938+0800	[34mINFO[0m	clients/client_factory.go:47	logDir:<D:/C_Back/Go/Shop_api/goods_api/log/nacos/log>   cacheDir:<D:/C_Back/Go/Shop_api/goods_api/log/nacos/cache>
2022-09-01T15:13:27.096+0800	[34mINFO[0m	clients/client_factory.go:47	logDir:<D:/C_Back/Go/Shop_api/goods_api/log/nacos/log>   cacheDir:<D:/C_Back/Go/Shop_api/goods_api/log/nacos/cache>
2022-09-01T15:16:07.239+0800	[34mINFO[0m	clients/client_factory.go:47	logDir:<D:/C_Back/Go/Shop_api/goods_api/log/nacos/log>   cacheDir:<D:/C_Back/Go/Shop_api/goods_api/log/nacos/cache>
2022-10-09T21:48:19.031+0800	[34mINFO[0m	clients/client_factory.go:47	logDir:<D:/C_Back/Go/Shop_api/goods_web/log/nacos/log>   cacheDir:<D:/C_Back/Go/Shop_api/goods_web/log/nacos/cache>
2022-10-09T22:14:30.534+0800	[34mINFO[0m	clients/client_factory.go:47	logDir:<D:/C_Back/Go/Shop_api/goods_web/log/nacos/log>   cacheDir:<D:/C_Back/Go/Shop_api/goods_web/log/nacos/cache>
2022-10-13T14:11:20.937+0800	[34mINFO[0m	clients/client_factory.go:47	logDir:<D:/C_Back/Go/Shop_api/goods_web/log/nacos/log>   cacheDir:<D:/C_Back/Go/Shop_api/goods_web/log/nacos/cache>
2022-10-13T14:11:20.950+0800	[31mERROR[0m	nacos_server/nacos_server.go:194	api</v1/cs/configs>,method:<GET>, params:<{"dataId":"goods_web.json","group":"dev","tenant":"e37065d2-6989-45a7-829a-48ecb9060f21"}>, call domain error:<[404] config data not exist
> , result:<config data not exist
>
2022-10-13T14:11:20.955+0800	[31mERROR[0m	nacos_server/nacos_server.go:194	api</v1/cs/configs>,method:<GET>, params:<{"dataId":"goods_web.json","group":"dev","tenant":"e37065d2-6989-45a7-829a-48ecb9060f21"}>, call domain error:<[404] config data not exist
> , result:<config data not exist
>
2022-10-13T14:11:20.959+0800	[31mERROR[0m	nacos_server/nacos_server.go:194	api</v1/cs/configs>,method:<GET>, params:<{"dataId":"goods_web.json","group":"dev","tenant":"e37065d2-6989-45a7-829a-48ecb9060f21"}>, call domain error:<[404] config data not exist
> , result:<config data not exist
>
2022-10-13T14:11:20.959+0800	[31mERROR[0m	config_client/config_client.go:202	get config from server error:[404] config data not exist
 
2022-10-13T14:11:20.959+0800	[33mWARN[0m	config_client/config_client.go:207	[client.GetConfig] config not found, dataId: goods_web.json, group: dev, namespaceId: e37065d2-6989-45a7-829a-48ecb9060f21.
2022-10-13T14:11:36.745+0800	[34mINFO[0m	clients/client_factory.go:47	logDir:<D:/C_Back/Go/Shop_api/goods_web/log/nacos/log>   cacheDir:<D:/C_Back/Go/Shop_api/goods_web/log/nacos/cache>
2022-10-13T14:11:36.754+0800	[31mERROR[0m	nacos_server/nacos_server.go:194	api</v1/cs/configs>,method:<GET>, params:<{"dataId":"goods_web.json","group":"dev","tenant":"e37065d2-6989-45a7-829a-48ecb9060f21"}>, call domain error:<[404] config data not exist
> , result:<config data not exist
>
2022-10-13T14:11:36.759+0800	[31mERROR[0m	nacos_server/nacos_server.go:194	api</v1/cs/configs>,method:<GET>, params:<{"dataId":"goods_web.json","group":"dev","tenant":"e37065d2-6989-45a7-829a-48ecb9060f21"}>, call domain error:<[404] config data not exist
> , result:<config data not exist
>
2022-10-13T14:11:36.764+0800	[31mERROR[0m	nacos_server/nacos_server.go:194	api</v1/cs/configs>,method:<GET>, params:<{"dataId":"goods_web.json","group":"dev","tenant":"e37065d2-6989-45a7-829a-48ecb9060f21"}>, call domain error:<[404] config data not exist
> , result:<config data not exist
>
2022-10-13T14:11:36.764+0800	[31mERROR[0m	config_client/config_client.go:202	get config from server error:[404] config data not exist
 
2022-10-13T14:11:36.765+0800	[33mWARN[0m	config_client/config_client.go:207	[client.GetConfig] config not found, dataId: goods_web.json, group: dev, namespaceId: e37065d2-6989-45a7-829a-48ecb9060f21.
2022-10-13T14:15:36.680+0800	[34mINFO[0m	clients/client_factory.go:47	logDir:<D:/C_Back/Go/Shop_api/goods_web/log/nacos/log>   cacheDir:<D:/C_Back/Go/Shop_api/goods_web/log/nacos/cache>
2022-10-13T14:15:36.686+0800	[31mERROR[0m	nacos_server/nacos_server.go:194	api</v1/cs/configs>,method:<GET>, params:<{"dataId":"goods_web.json","group":"dev","tenant":"e37065d2-6989-45a7-829a-48ecb9060f21"}>, call domain error:<[404] config data not exist
> , result:<config data not exist
>
2022-10-13T14:15:36.691+0800	[31mERROR[0m	nacos_server/nacos_server.go:194	api</v1/cs/configs>,method:<GET>, params:<{"dataId":"goods_web.json","group":"dev","tenant":"e37065d2-6989-45a7-829a-48ecb9060f21"}>, call domain error:<[404] config data not exist
> , result:<config data not exist
>
2022-10-13T14:15:36.695+0800	[31mERROR[0m	nacos_server/nacos_server.go:194	api</v1/cs/configs>,method:<GET>, params:<{"dataId":"goods_web.json","group":"dev","tenant":"e37065d2-6989-45a7-829a-48ecb9060f21"}>, call domain error:<[404] config data not exist
> , result:<config data not exist
>
2022-10-13T14:15:36.695+0800	[31mERROR[0m	config_client/config_client.go:202	get config from server error:[404] config data not exist
 
2022-10-13T14:15:36.696+0800	[33mWARN[0m	config_client/config_client.go:207	[client.GetConfig] config not found, dataId: goods_web.json, group: dev, namespaceId: e37065d2-6989-45a7-829a-48ecb9060f21.
2022-10-13T14:16:48.098+0800	[34mINFO[0m	clients/client_factory.go:47	logDir:<D:/C_Back/Go/Shop_api/goods_web/log/nacos/log>   cacheDir:<D:/C_Back/Go/Shop_api/goods_web/log/nacos/cache>
2022-10-13T14:19:13.581+0800	[34mINFO[0m	clients/client_factory.go:47	logDir:<D:/C_Back/Go/Shop_api/goods_web/log/nacos/log>   cacheDir:<D:/C_Back/Go/Shop_api/goods_web/log/nacos/cache>
2022-10-13T14:20:02.663+0800	[34mINFO[0m	clients/client_factory.go:47	logDir:<D:/C_Back/Go/Shop_api/goods_web/log/nacos/log>   cacheDir:<D:/C_Back/Go/Shop_api/goods_web/log/nacos/cache>
