2022-08-27T12:50:30.599+0800	INFO	initialize/logger.go:26	日志初始化成功
2022-08-27T12:50:30.600+0800	INFO	initialize/translator.go:24	翻译器加载成功
2022-08-27T12:50:30.607+0800	INFO	initialize/rpc.go:40	查询到goods-service 127.0.0.1:60234
2022-08-27T12:50:30.608+0800	INFO	initialize/rpc.go:48	RPC 服务连接成功
2022-08-27T12:50:30.610+0800	WARN	goods_api/main.go:33	启动模式：release
2022-08-27T12:50:30.615+0800	INFO	goods_api/main.go:39	goods_web服务开启 端口%!s(int=8022)
2022-08-27T12:56:14.268+0800	INFO	initialize/logger.go:26	日志初始化成功
2022-08-27T12:56:14.269+0800	INFO	initialize/translator.go:24	翻译器加载成功
2022-08-27T12:56:14.272+0800	INFO	initialize/rpc.go:40	查询到goods-service 127.0.0.1:60234
2022-08-27T12:56:14.273+0800	INFO	initialize/rpc.go:48	RPC 服务连接成功
2022-08-27T12:56:14.274+0800	WARN	goods_api/main.go:33	启动模式：debug
2022-08-27T12:56:14.275+0800	INFO	goods_api/main.go:39	goods_web服务开启 端口%!s(int=8022)
2022-08-27T13:28:03.232+0800	INFO	initialize/logger.go:26	日志初始化成功
2022-08-27T13:28:03.233+0800	INFO	initialize/translator.go:24	翻译器加载成功
2022-08-27T13:28:03.235+0800	INFO	initialize/rpc.go:40	查询到goods-service 127.0.0.1:60234
2022-08-27T13:28:03.235+0800	INFO	initialize/rpc.go:48	RPC 服务连接成功
2022-08-27T13:28:03.236+0800	WARN	goods_api/main.go:33	启动模式：debug
2022-08-27T13:28:03.236+0800	INFO	goods_api/main.go:39	goods_web服务开启 端口%!s(int=8022)
2022-08-27T13:30:46.704+0800	INFO	initialize/logger.go:26	日志初始化成功
2022-08-27T13:30:46.706+0800	INFO	initialize/translator.go:24	翻译器加载成功
2022-08-27T13:30:46.709+0800	INFO	initialize/rpc.go:40	查询到goods-service 127.0.0.1:60234
2022-08-27T13:30:46.709+0800	INFO	initialize/rpc.go:48	RPC 服务连接成功
2022-08-27T13:30:46.711+0800	WARN	goods_api/main.go:33	启动模式：debug
2022-08-27T13:30:46.711+0800	INFO	goods_api/main.go:39	goods_web服务开启 端口%!s(int=8022)
2022-08-27T13:34:18.241+0800	INFO	initialize/logger.go:26	日志初始化成功
2022-08-27T13:34:18.241+0800	INFO	initialize/translator.go:24	翻译器加载成功
2022-08-27T13:34:18.246+0800	INFO	initialize/rpc.go:40	查询到goods-service 127.0.0.1:61074
2022-08-27T13:34:18.246+0800	INFO	initialize/rpc.go:48	RPC 服务连接成功
2022-08-27T13:34:18.248+0800	WARN	goods_api/main.go:33	启动模式：debug
2022-08-27T13:34:18.248+0800	INFO	goods_api/main.go:39	goods_web服务开启 端口%!s(int=8022)
2022-08-27T13:51:54.215+0800	INFO	initialize/logger.go:26	日志初始化成功
2022-08-27T13:51:54.216+0800	INFO	initialize/translator.go:24	翻译器加载成功
2022-08-27T13:51:54.218+0800	INFO	initialize/rpc.go:40	查询到goods-service 127.0.0.1:61074
2022-08-27T13:51:54.218+0800	INFO	initialize/rpc.go:48	RPC 服务连接成功
2022-08-27T13:51:54.222+0800	WARN	goods_api/main.go:33	启动模式：debug
2022-08-27T13:51:54.222+0800	INFO	goods_api/main.go:39	goods_web服务开启 端口%!s(int=8022)
2022-08-27T14:10:07.453+0800	INFO	initialize/logger.go:26	日志初始化成功
2022-08-27T14:10:07.454+0800	INFO	initialize/translator.go:24	翻译器加载成功
2022-08-27T14:10:07.456+0800	INFO	initialize/rpc.go:40	查询到goods-service 127.0.0.1:61074
2022-08-27T14:10:07.456+0800	INFO	initialize/rpc.go:48	RPC 服务连接成功
2022-08-27T14:10:07.458+0800	WARN	goods_api/main.go:33	启动模式：debug
2022-08-27T14:10:07.458+0800	INFO	goods_api/main.go:39	goods_web服务开启 端口%!s(int=8022)
2022-08-27T14:17:09.223+0800	INFO	initialize/logger.go:26	日志初始化成功
2022-08-27T14:17:09.223+0800	INFO	initialize/translator.go:24	翻译器加载成功
2022-08-27T14:17:09.226+0800	INFO	initialize/rpc.go:40	查询到goods-service 127.0.0.1:61074
2022-08-27T14:17:09.226+0800	INFO	initialize/rpc.go:48	RPC 服务连接成功
2022-08-27T14:17:09.230+0800	WARN	goods_api/main.go:33	启动模式：debug
2022-08-27T14:17:09.230+0800	INFO	goods_api/main.go:39	goods_web服务开启 端口%!s(int=8022)
2022-08-27T14:27:49.972+0800	INFO	initialize/logger.go:26	日志初始化成功
2022-08-27T14:27:49.973+0800	INFO	initialize/translator.go:24	翻译器加载成功
2022-08-27T14:27:49.975+0800	INFO	initialize/rpc.go:40	查询到goods-service 127.0.0.1:61074
2022-08-27T14:27:49.976+0800	INFO	initialize/rpc.go:48	RPC 服务连接成功
2022-08-27T14:27:49.978+0800	WARN	goods_api/main.go:33	启动模式：debug
2022-08-27T14:27:49.978+0800	INFO	goods_api/main.go:39	goods_web服务开启 端口%!s(int=8022)
2022-08-27T14:28:44.037+0800	INFO	initialize/logger.go:26	日志初始化成功
2022-08-27T14:28:44.038+0800	INFO	initialize/translator.go:24	翻译器加载成功
2022-08-27T14:28:44.040+0800	INFO	initialize/rpc.go:40	查询到goods-service 127.0.0.1:61074
2022-08-27T14:28:44.041+0800	INFO	initialize/rpc.go:48	RPC 服务连接成功
2022-08-27T14:28:44.043+0800	WARN	goods_api/main.go:33	启动模式：debug
2022-08-27T14:28:44.043+0800	INFO	goods_api/main.go:39	goods_web服务开启 端口%!s(int=8022)
2022-08-27T14:30:22.942+0800	INFO	initialize/logger.go:26	日志初始化成功
2022-08-27T14:30:22.942+0800	INFO	initialize/translator.go:24	翻译器加载成功
2022-08-27T14:30:22.945+0800	INFO	initialize/rpc.go:40	查询到goods-service 127.0.0.1:61074
2022-08-27T14:30:22.945+0800	INFO	initialize/rpc.go:48	RPC 服务连接成功
2022-08-27T14:30:22.947+0800	WARN	goods_api/main.go:33	启动模式：debug
2022-08-27T14:30:22.947+0800	INFO	goods_api/main.go:39	goods_web服务开启 端口%!s(int=8022)
2022-08-27T14:35:36.319+0800	INFO	initialize/logger.go:26	日志初始化成功
2022-08-27T14:35:36.320+0800	INFO	initialize/translator.go:24	翻译器加载成功
2022-08-27T14:35:36.323+0800	INFO	initialize/rpc.go:40	查询到goods-service 127.0.0.1:61842
2022-08-27T14:35:36.323+0800	INFO	initialize/rpc.go:48	RPC 服务连接成功
2022-08-27T14:35:36.325+0800	WARN	goods_api/main.go:33	启动模式：debug
2022-08-27T14:35:36.325+0800	INFO	goods_api/main.go:39	goods_web服务开启 端口%!s(int=8022)
