2022-08-27T12:50:30.599+0800	INFO	initialize/logger.go:26	日志初始化成功
2022-08-27T12:50:30.600+0800	INFO	initialize/translator.go:24	翻译器加载成功
2022-08-27T12:50:30.607+0800	INFO	initialize/rpc.go:40	查询到goods-service 127.0.0.1:60234
2022-08-27T12:50:30.608+0800	INFO	initialize/rpc.go:48	RPC 服务连接成功
2022-08-27T12:50:30.610+0800	WARN	goods_api/main.go:33	启动模式：release
2022-08-27T12:50:30.615+0800	INFO	goods_api/main.go:39	goods_web服务开启 端口%!s(int=8022)
2022-08-27T12:56:14.268+0800	INFO	initialize/logger.go:26	日志初始化成功
2022-08-27T12:56:14.269+0800	INFO	initialize/translator.go:24	翻译器加载成功
2022-08-27T12:56:14.272+0800	INFO	initialize/rpc.go:40	查询到goods-service 127.0.0.1:60234
2022-08-27T12:56:14.273+0800	INFO	initialize/rpc.go:48	RPC 服务连接成功
2022-08-27T12:56:14.274+0800	WARN	goods_api/main.go:33	启动模式：debug
2022-08-27T12:56:14.275+0800	INFO	goods_api/main.go:39	goods_web服务开启 端口%!s(int=8022)
2022-08-27T13:28:03.232+0800	INFO	initialize/logger.go:26	日志初始化成功
2022-08-27T13:28:03.233+0800	INFO	initialize/translator.go:24	翻译器加载成功
2022-08-27T13:28:03.235+0800	INFO	initialize/rpc.go:40	查询到goods-service 127.0.0.1:60234
2022-08-27T13:28:03.235+0800	INFO	initialize/rpc.go:48	RPC 服务连接成功
2022-08-27T13:28:03.236+0800	WARN	goods_api/main.go:33	启动模式：debug
2022-08-27T13:28:03.236+0800	INFO	goods_api/main.go:39	goods_web服务开启 端口%!s(int=8022)
2022-08-27T13:30:46.704+0800	INFO	initialize/logger.go:26	日志初始化成功
2022-08-27T13:30:46.706+0800	INFO	initialize/translator.go:24	翻译器加载成功
2022-08-27T13:30:46.709+0800	INFO	initialize/rpc.go:40	查询到goods-service 127.0.0.1:60234
2022-08-27T13:30:46.709+0800	INFO	initialize/rpc.go:48	RPC 服务连接成功
2022-08-27T13:30:46.711+0800	WARN	goods_api/main.go:33	启动模式：debug
2022-08-27T13:30:46.711+0800	INFO	goods_api/main.go:39	goods_web服务开启 端口%!s(int=8022)
2022-08-27T13:34:18.241+0800	INFO	initialize/logger.go:26	日志初始化成功
2022-08-27T13:34:18.241+0800	INFO	initialize/translator.go:24	翻译器加载成功
2022-08-27T13:34:18.246+0800	INFO	initialize/rpc.go:40	查询到goods-service 127.0.0.1:61074
2022-08-27T13:34:18.246+0800	INFO	initialize/rpc.go:48	RPC 服务连接成功
2022-08-27T13:34:18.248+0800	WARN	goods_api/main.go:33	启动模式：debug
2022-08-27T13:34:18.248+0800	INFO	goods_api/main.go:39	goods_web服务开启 端口%!s(int=8022)
2022-08-27T13:51:54.215+0800	INFO	initialize/logger.go:26	日志初始化成功
2022-08-27T13:51:54.216+0800	INFO	initialize/translator.go:24	翻译器加载成功
2022-08-27T13:51:54.218+0800	INFO	initialize/rpc.go:40	查询到goods-service 127.0.0.1:61074
2022-08-27T13:51:54.218+0800	INFO	initialize/rpc.go:48	RPC 服务连接成功
2022-08-27T13:51:54.222+0800	WARN	goods_api/main.go:33	启动模式：debug
2022-08-27T13:51:54.222+0800	INFO	goods_api/main.go:39	goods_web服务开启 端口%!s(int=8022)
2022-08-27T14:10:07.453+0800	INFO	initialize/logger.go:26	日志初始化成功
2022-08-27T14:10:07.454+0800	INFO	initialize/translator.go:24	翻译器加载成功
2022-08-27T14:10:07.456+0800	INFO	initialize/rpc.go:40	查询到goods-service 127.0.0.1:61074
2022-08-27T14:10:07.456+0800	INFO	initialize/rpc.go:48	RPC 服务连接成功
2022-08-27T14:10:07.458+0800	WARN	goods_api/main.go:33	启动模式：debug
2022-08-27T14:10:07.458+0800	INFO	goods_api/main.go:39	goods_web服务开启 端口%!s(int=8022)
2022-08-27T14:17:09.223+0800	INFO	initialize/logger.go:26	日志初始化成功
2022-08-27T14:17:09.223+0800	INFO	initialize/translator.go:24	翻译器加载成功
2022-08-27T14:17:09.226+0800	INFO	initialize/rpc.go:40	查询到goods-service 127.0.0.1:61074
2022-08-27T14:17:09.226+0800	INFO	initialize/rpc.go:48	RPC 服务连接成功
2022-08-27T14:17:09.230+0800	WARN	goods_api/main.go:33	启动模式：debug
2022-08-27T14:17:09.230+0800	INFO	goods_api/main.go:39	goods_web服务开启 端口%!s(int=8022)
2022-08-27T14:27:49.972+0800	INFO	initialize/logger.go:26	日志初始化成功
2022-08-27T14:27:49.973+0800	INFO	initialize/translator.go:24	翻译器加载成功
2022-08-27T14:27:49.975+0800	INFO	initialize/rpc.go:40	查询到goods-service 127.0.0.1:61074
2022-08-27T14:27:49.976+0800	INFO	initialize/rpc.go:48	RPC 服务连接成功
2022-08-27T14:27:49.978+0800	WARN	goods_api/main.go:33	启动模式：debug
2022-08-27T14:27:49.978+0800	INFO	goods_api/main.go:39	goods_web服务开启 端口%!s(int=8022)
2022-08-27T14:28:44.037+0800	INFO	initialize/logger.go:26	日志初始化成功
2022-08-27T14:28:44.038+0800	INFO	initialize/translator.go:24	翻译器加载成功
2022-08-27T14:28:44.040+0800	INFO	initialize/rpc.go:40	查询到goods-service 127.0.0.1:61074
2022-08-27T14:28:44.041+0800	INFO	initialize/rpc.go:48	RPC 服务连接成功
2022-08-27T14:28:44.043+0800	WARN	goods_api/main.go:33	启动模式：debug
2022-08-27T14:28:44.043+0800	INFO	goods_api/main.go:39	goods_web服务开启 端口%!s(int=8022)
2022-08-27T14:30:22.942+0800	INFO	initialize/logger.go:26	日志初始化成功
2022-08-27T14:30:22.942+0800	INFO	initialize/translator.go:24	翻译器加载成功
2022-08-27T14:30:22.945+0800	INFO	initialize/rpc.go:40	查询到goods-service 127.0.0.1:61074
2022-08-27T14:30:22.945+0800	INFO	initialize/rpc.go:48	RPC 服务连接成功
2022-08-27T14:30:22.947+0800	WARN	goods_api/main.go:33	启动模式：debug
2022-08-27T14:30:22.947+0800	INFO	goods_api/main.go:39	goods_web服务开启 端口%!s(int=8022)
2022-08-27T14:35:36.319+0800	INFO	initialize/logger.go:26	日志初始化成功
2022-08-27T14:35:36.320+0800	INFO	initialize/translator.go:24	翻译器加载成功
2022-08-27T14:35:36.323+0800	INFO	initialize/rpc.go:40	查询到goods-service 127.0.0.1:61842
2022-08-27T14:35:36.323+0800	INFO	initialize/rpc.go:48	RPC 服务连接成功
2022-08-27T14:35:36.325+0800	WARN	goods_api/main.go:33	启动模式：debug
2022-08-27T14:35:36.325+0800	INFO	goods_api/main.go:39	goods_web服务开启 端口%!s(int=8022)
2022-08-27T15:02:56.892+0800	INFO	initialize/logger.go:26	日志初始化成功
2022-08-27T15:02:56.893+0800	INFO	initialize/translator.go:24	翻译器加载成功
2022-08-27T15:02:56.895+0800	FATAL	initialize/rpc.go:37	InitRPC失败
2022-08-27T15:03:20.576+0800	INFO	initialize/logger.go:26	日志初始化成功
2022-08-27T15:03:20.577+0800	INFO	initialize/translator.go:24	翻译器加载成功
2022-08-27T15:03:20.579+0800	INFO	initialize/rpc.go:40	查询到goods-service 127.0.0.1:62087
2022-08-27T15:03:20.580+0800	INFO	initialize/rpc.go:48	RPC 服务连接成功
2022-08-27T15:03:20.581+0800	WARN	goods_api/main.go:33	启动模式：debug
2022-08-27T15:03:20.582+0800	INFO	goods_api/main.go:39	goods_web服务开启 端口%!s(int=8022)
2022-08-27T15:04:14.041+0800	INFO	initialize/logger.go:26	日志初始化成功
2022-08-27T15:04:14.042+0800	INFO	initialize/translator.go:24	翻译器加载成功
2022-08-27T15:04:14.046+0800	INFO	initialize/rpc.go:40	查询到goods-service 127.0.0.1:62087
2022-08-27T15:04:14.046+0800	INFO	initialize/rpc.go:48	RPC 服务连接成功
2022-08-27T15:04:14.049+0800	WARN	goods_api/main.go:33	启动模式：debug
2022-08-27T15:04:14.049+0800	INFO	goods_api/main.go:39	goods_web服务开启 端口%!s(int=8022)
2022-08-27T15:10:36.014+0800	INFO	initialize/logger.go:26	日志初始化成功
2022-08-27T15:10:36.015+0800	INFO	initialize/translator.go:24	翻译器加载成功
2022-08-27T15:10:36.016+0800	INFO	initialize/rpc.go:40	查询到goods-service 127.0.0.1:62087
2022-08-27T15:10:36.017+0800	INFO	initialize/rpc.go:48	RPC 服务连接成功
2022-08-27T15:10:36.019+0800	WARN	goods_api/main.go:33	启动模式：debug
2022-08-27T15:10:36.019+0800	INFO	goods_api/main.go:39	goods_web服务开启 端口%!s(int=8022)
2022-08-27T15:10:40.032+0800	INFO	initialize/logger.go:26	日志初始化成功
2022-08-27T15:10:40.033+0800	INFO	initialize/translator.go:24	翻译器加载成功
2022-08-27T15:10:40.036+0800	INFO	initialize/rpc.go:40	查询到goods-service 127.0.0.1:62087
2022-08-27T15:10:40.037+0800	INFO	initialize/rpc.go:48	RPC 服务连接成功
2022-08-27T15:10:40.041+0800	WARN	goods_api/main.go:33	启动模式：debug
2022-08-27T15:10:40.042+0800	INFO	goods_api/main.go:39	goods_web服务开启 端口%!s(int=8022)
2022-08-27T15:12:42.904+0800	INFO	initialize/logger.go:26	日志初始化成功
2022-08-27T15:12:42.905+0800	INFO	initialize/translator.go:24	翻译器加载成功
2022-08-27T15:12:42.907+0800	INFO	initialize/rpc.go:40	查询到goods-service 127.0.0.1:62087
2022-08-27T15:12:42.908+0800	INFO	initialize/rpc.go:48	RPC 服务连接成功
2022-08-27T15:12:42.909+0800	WARN	goods_api/main.go:33	启动模式：debug
2022-08-27T15:12:42.909+0800	INFO	goods_api/main.go:39	goods_web服务开启 端口%!s(int=8022)
2022-08-27T15:22:06.968+0800	INFO	initialize/logger.go:26	日志初始化成功
2022-08-27T15:22:06.969+0800	INFO	initialize/translator.go:24	翻译器加载成功
2022-08-27T15:22:06.971+0800	INFO	initialize/rpc.go:40	查询到goods-service 127.0.0.1:62087
2022-08-27T15:22:06.972+0800	INFO	initialize/rpc.go:48	RPC 服务连接成功
2022-08-27T15:22:06.974+0800	WARN	goods_api/main.go:33	启动模式：debug
2022-08-27T15:22:06.975+0800	INFO	goods_api/main.go:39	goods_web服务开启 端口%!s(int=8022)
2022-08-27T15:22:26.930+0800	INFO	initialize/logger.go:26	日志初始化成功
2022-08-27T15:22:26.931+0800	INFO	initialize/translator.go:24	翻译器加载成功
2022-08-27T15:22:26.933+0800	INFO	initialize/rpc.go:40	查询到goods-service 127.0.0.1:62087
2022-08-27T15:22:26.934+0800	INFO	initialize/rpc.go:48	RPC 服务连接成功
2022-08-27T15:22:26.937+0800	WARN	goods_api/main.go:33	启动模式：debug
2022-08-27T15:22:26.938+0800	INFO	goods_api/main.go:39	goods_web服务开启 端口%!s(int=8022)
2022-08-27T22:03:52.135+0800	INFO	initialize/logger.go:26	日志初始化成功
2022-08-27T22:03:52.136+0800	INFO	initialize/translator.go:24	翻译器加载成功
2022-08-27T22:03:52.138+0800	INFO	initialize/rpc.go:40	查询到goods-service 127.0.0.1:50746
2022-08-27T22:03:52.138+0800	INFO	initialize/rpc.go:48	RPC 服务连接成功
2022-08-27T22:03:52.141+0800	WARN	goods_api/main.go:33	启动模式：debug
2022-08-27T22:03:52.141+0800	INFO	goods_api/main.go:39	goods_web服务开启 端口%!s(int=8022)
2022-08-27T22:04:39.599+0800	INFO	initialize/logger.go:26	日志初始化成功
2022-08-27T22:04:39.600+0800	INFO	initialize/translator.go:24	翻译器加载成功
2022-08-27T22:04:39.603+0800	INFO	initialize/rpc.go:40	查询到goods-service 127.0.0.1:50746
2022-08-27T22:04:39.603+0800	INFO	initialize/rpc.go:48	RPC 服务连接成功
2022-08-27T22:04:39.606+0800	WARN	goods_api/main.go:33	启动模式：debug
2022-08-27T22:04:39.606+0800	INFO	goods_api/main.go:39	goods_web服务开启 端口%!s(int=8022)
2022-08-27T22:04:44.731+0800	INFO	banner/banner.go:18	List 触发 request:127.0.0.1:8022
2022-08-27T22:07:10.040+0800	INFO	initialize/logger.go:26	日志初始化成功
2022-08-27T22:07:10.042+0800	INFO	initialize/translator.go:24	翻译器加载成功
2022-08-27T22:07:10.044+0800	INFO	initialize/rpc.go:40	查询到goods-service 127.0.0.1:50746
2022-08-27T22:07:10.044+0800	INFO	initialize/rpc.go:48	RPC 服务连接成功
2022-08-27T22:07:10.047+0800	WARN	goods_api/main.go:33	启动模式：debug
2022-08-27T22:07:10.047+0800	INFO	goods_api/main.go:39	goods_web服务开启 端口%!s(int=8022)
2022-08-27T22:07:16.147+0800	INFO	goods/goods.go:20	goods 【List】获取商品列表 request:127.0.0.1:8022
2022-08-27T22:07:36.053+0800	INFO	goods/goods.go:20	goods 【List】获取商品列表 request:127.0.0.1:8022
2022-08-27T22:08:35.175+0800	INFO	goods/goods.go:142	goods 【Detail】获取商品详情 request:127.0.0.1:8022
